<?xml version="1.0" encoding="UTF-8"?>
<!-- Generated by org.testng.reporters.JUnitReportReporter -->
<testsuite hostname="DESKTOP-5Q1QJ1K" failures="0" tests="6" name="Edit.SauceDemo.Asignacion6" time="30.924" errors="0" timestamp="2023-01-10T01:24:36 ART" skipped="0">
  <testcase classname="Edit.SauceDemo.Asignacion6" name="login" time="1.429"/>
  <system-out/>
  <testcase classname="Edit.SauceDemo.Asignacion6" name="login" time="1.423"/>
  <system-out/>
  <testcase classname="Edit.SauceDemo.Asignacion6" name="login" time="17.428"/>
  <system-out/>
  <testcase classname="Edit.SauceDemo.Asignacion6" name="login" time="1.422"/>
  <system-out/>
  <testcase classname="Edit.SauceDemo.Asignacion6" name="login" time="7.814"/>
  <system-out/>
  <testcase classname="Edit.SauceDemo.Asignacion6" name="login" time="1.408"/>
  <system-out/>
</testsuite> <!-- Edit.SauceDemo.Asignacion6 -->
