<?xml version="1.0" encoding="UTF-8"?>
<!-- Generated by org.testng.reporters.JUnitReportReporter -->
<testsuite hostname="DESKTOP-5Q1QJ1K" failures="0" tests="2" name="Edit.SauceDemo.Asignacion5" time="1.916" errors="0" timestamp="2023-01-09T18:46:25 ART" skipped="0">
  <testcase classname="Edit.SauceDemo.Asignacion5" name="iniciarSesion" time="0.390"/>
  <system-out/>
  <testcase classname="Edit.SauceDemo.Asignacion5" name="anadirProductoYConfirmarOrden" time="1.526"/>
  <system-out/>
</testsuite> <!-- Edit.SauceDemo.Asignacion5 -->
